-------------------------------------------------------------------------------
Test set: com.mulesoft.training.HelloMavenTest
-------------------------------------------------------------------------------
Tests run: 1, Failures: 0, Errors: 1, Skipped: 0, Time elapsed: 4.638 sec <<< FAILURE! - in com.mulesoft.training.HelloMavenTest
mavenFlowReturnsHelloMaven(com.mulesoft.training.HelloMavenTest)  Time elapsed: 3.968 sec  <<< ERROR!
org.mule.retry.RetryPolicyExhaustedException: org.apache.activemq.ActiveMQConnectionFactory (java.lang.ClassNotFoundException)
Caused by: org.mule.api.DefaultMuleException: org.apache.activemq.ActiveMQConnectionFactory (java.lang.ClassNotFoundException)
Caused by: java.lang.ClassNotFoundException: org.apache.activemq.ActiveMQConnectionFactory

