<?xml version="1.0" encoding="UTF-8"?>
<testsuite xmlns:xsi="http://www.w3.org/2001/XMLSchema-instance" xsi:schemaLocation="https://maven.apache.org/surefire/maven-surefire-plugin/xsd/surefire-test-report.xsd" name="com.mulesoft.training.HelloMavenTest" time="4.638" tests="1" errors="1" skipped="0" failures="0">
  <properties>
[...]
</properties>
  <testcase name="mavenFlowReturnsHelloMaven" classname="com.mulesoft.training.HelloMavenTest" time="3.968">
    <error message="org.apache.activemq.ActiveMQConnectionFactory (java.lang.ClassNotFoundException)" type="org.mule.retry.RetryPolicyExhaustedException">org.mule.retry.RetryPolicyExhaustedException: org.apache.activemq.ActiveMQConnectionFactory (java.lang.ClassNotFoundException)
Caused by: org.mule.api.DefaultMuleException: org.apache.activemq.ActiveMQConnectionFactory (java.lang.ClassNotFoundException)
Caused by: java.lang.ClassNotFoundException: org.apache.activemq.ActiveMQConnectionFactory
</error>
    <system-out><![CDATA[
================================================================================
= Testing: mavenFlowReturnsHelloMaven                                          =
================================================================================
INFO  2016-05-02 15:20:04,577 [Thread-1] com.mulesoft.training.HelloMavenTest: Using working directory for test: C:\Users\varunsi\AppData\Local\Temp\junit1569974657259991994
INFO  2016-05-02 15:20:04,723 [Thread-1] org.mule.lifecycle.AbstractLifecycleManager: Initialising RegistryBroker
INFO  2016-05-02 15:20:04,918 [Thread-1] org.mule.config.spring.MuleArtifactContext: Refreshing org.mule.config.spring.MuleArtifactContext@62d8f57: startup date [Mon May 02 15:20:04 PDT 2016]; root of context hierarchy
INFO  2016-05-02 15:20:05,984 [Thread-1] org.mule.config.spring.processors.NoDevkitInjectorProcessor: JSR-330 'javax.inject.Inject' annotation found and supported for autowiring
WARN  2016-05-02 15:20:06,161 [Thread-1] org.mule.expression.DefaultExpressionManager: Expression string is not an expression.  Use isExpression(String) to validate first
WARN  2016-05-02 15:20:06,161 [Thread-1] org.mule.expression.DefaultExpressionManager: Expression string is not an expression.  Use isExpression(String) to validate first
INFO  2016-05-02 15:20:07,856 [Thread-1] org.mule.lifecycle.AbstractLifecycleManager: Initialising connector: Active_MQ
INFO  2016-05-02 15:20:07,893 [Thread-1] org.mule.lifecycle.AbstractLifecycleManager: Initialising connector: Flights
INFO  2016-05-02 15:20:07,905 [Thread-1] org.mule.lifecycle.AbstractLifecycleManager: Initialising model: _muleSystemModel
INFO  2016-05-02 15:20:07,909 [Thread-1] org.mule.construct.FlowConstructLifecycleManager: Initialising flow: mavenFlow
INFO  2016-05-02 15:20:07,910 [Thread-1] org.mule.exception.DefaultMessagingExceptionStrategy: Initialising exception listener: org.mule.exception.DefaultMessagingExceptionStrategy@59bbe786
INFO  2016-05-02 15:20:07,954 [Thread-1] org.mule.processor.SedaStageLifecycleManager: Initialising service: mavenFlow.stage1
INFO  2016-05-02 15:20:07,961 [Thread-1] org.mule.construct.FlowConstructLifecycleManager: Initialising flow: retrieveFlights
INFO  2016-05-02 15:20:07,961 [Thread-1] org.mule.exception.DefaultMessagingExceptionStrategy: Initialising exception listener: org.mule.exception.DefaultMessagingExceptionStrategy@49105536
INFO  2016-05-02 15:20:07,964 [Thread-1] org.mule.processor.SedaStageLifecycleManager: Initialising service: retrieveFlights.stage1
INFO  2016-05-02 15:20:07,970 [Thread-1] org.mule.util.journal.TransactionJournal: Using files for tx logs C:\Users\varunsi\AppData\Local\Temp\junit1569974657259991994\queue-tx-log\tx1.log and C:\Users\varunsi\AppData\Local\Temp\junit1569974657259991994\queue-tx-log\tx2.log
INFO  2016-05-02 15:20:07,983 [Thread-1] org.mule.util.journal.TransactionJournal: Using files for tx logs C:\Users\varunsi\AppData\Local\Temp\junit1569974657259991994\queue-xa-tx-log\tx1.log and C:\Users\varunsi\AppData\Local\Temp\junit1569974657259991994\queue-xa-tx-log\tx2.log
INFO  2016-05-02 15:20:08,051 [Thread-1] org.mule.config.spring.SpringXmlConfigurationBuilder: Configured Mule using "org.mule.config.spring.SpringXmlConfigurationBuilder" with configuration resource(s): "[ConfigResource{resourceName='maven-project.xml'}]"
INFO  2016-05-02 15:20:08,053 [Thread-1] org.mule.util.queue.QueueXaResourceManager: Starting ResourceManager
INFO  2016-05-02 15:20:08,053 [Thread-1] org.mule.util.queue.QueueXaResourceManager: Started ResourceManager
INFO  2016-05-02 15:20:08,101 [Thread-1] org.mule.module.http.internal.listener.DefaultHttpListenerConfig: Listening for requests on http://localhost:8087
ERROR 2016-05-02 15:20:08,105 [Thread-1] org.mule.retry.notifiers.ConnectNotifier: Failed to connect/reconnect: ActiveMQJmsConnector
{
  name=Active_MQ
  lifecycle=initialise
  this=29f06b26
  numberOfConcurrentTransactedReceivers=4
  createMultipleTransactedReceivers=true
  connected=false
  supportedProtocols=[jms]
  serviceOverrides=<none>
}
. Root Exception was: org.apache.activemq.ActiveMQConnectionFactory. Type: class java.lang.ClassNotFoundException
INFO  2016-05-02 15:20:08,109 [Thread-1] org.mule.lifecycle.AbstractLifecycleManager: Disposing RegistryBroker
INFO  2016-05-02 15:20:08,111 [Thread-1] org.mule.construct.FlowConstructLifecycleManager: Disposing flow: mavenFlow
INFO  2016-05-02 15:20:08,112 [Thread-1] org.mule.processor.SedaStageLifecycleManager: Disposing service: mavenFlow.stage1
INFO  2016-05-02 15:20:08,113 [Thread-1] org.mule.construct.FlowConstructLifecycleManager: Disposing flow: retrieveFlights
INFO  2016-05-02 15:20:08,113 [Thread-1] org.mule.processor.SedaStageLifecycleManager: Disposing service: retrieveFlights.stage1
INFO  2016-05-02 15:20:08,114 [Thread-1] org.mule.lifecycle.AbstractLifecycleManager: Disposing model: _muleSystemModel
INFO  2016-05-02 15:20:08,116 [Thread-1] org.mule.lifecycle.AbstractLifecycleManager: Disposing connector: Active_MQ
INFO  2016-05-02 15:20:08,118 [Thread-1] org.mule.lifecycle.AbstractLifecycleManager: Disposing connector: Flights
INFO  2016-05-02 15:20:08,192 [Thread-1] org.mule.config.spring.MuleArtifactContext: Closing org.mule.config.spring.MuleArtifactContext@62d8f57: startup date [Mon May 02 15:20:04 PDT 2016]; root of context hierarchy
INFO  2016-05-02 15:20:08,310 [Thread-1] org.mule.DefaultMuleContext: 
**********************************************************************
* Mule Context shut down normally on: 5/2/16 3:20 PM                 *
* Server was up for: 0 days, 0 hours, 0 mins, 0.255 sec              *
**********************************************************************
]]></system-out>
  </testcase>
</testsuite>